<?xml version="1.0" encoding="UTF-8"?>
<!-- Generated by org.testng.reporters.JUnitXMLReporter -->
<testsuite hostname="DESKTOP-5RGTLIF" ignored="0" name="Test" tests="1" failures="1" timestamp="03 Mar 2018 04:00:40 GMT" time="51.07" errors="0">
  <testcase name="BuyWatch" time="35.307" classname="com.edureka.scripts.AccessoriesScripts">
    <failure type="java.lang.AssertionError" message="null">
      <![CDATA[java.lang.AssertionError: nullat com.edureka.scripts.AccessoriesScripts.BuyWatch(AccessoriesScripts.java:21)... Removed 27 stack frames]]>
    </failure>
  </testcase> <!-- BuyWatch -->
</testsuite> <!-- Test -->
